{"level":"error","message":"Authentication Service: create Token"}
{"level":"error","message":"Found user, checking password!"}
{"level":"error","message":"Authentication Service: Password is correct. Create Token"}
{"level":"error","message":"Authentication Service: create Token"}
{"level":"error","message":"Found user, checking password!"}
{"date":"Wed Apr 20 2022 14:43:13 GMT+0200 (Mitteleuropäische Sommerzeit)","error":{},"exception":true,"level":"error","message":"uncaughtException: logger.error is not a function\nTypeError: logger.error is not a function\n    at /Users/lukas/Desktop/Uni/Semester5/WebEngineering2/web2_ss2022/project/endpoints/authentication/AuthenticationService.js:38:20\n    at /Users/lukas/Desktop/Uni/Semester5/WebEngineering2/web2_ss2022/project/endpoints/user/UserModel.js:27:7\n    at processImmediate (node:internal/timers:466:21)","os":{"loadavg":[2.4833984375,2.302734375,2.3583984375],"uptime":178502},"process":{"argv":["/usr/local/bin/node","/Users/lukas/Desktop/Uni/Semester5/WebEngineering2/web2_ss2022/project/httpSever.js"],"cwd":"/Users/lukas/Desktop/Uni/Semester5/WebEngineering2/web2_ss2022/project","execPath":"/usr/local/bin/node","gid":20,"memoryUsage":{"arrayBuffers":18413101,"external":23582215,"heapTotal":36417536,"heapUsed":23108888,"rss":68780032},"pid":28036,"uid":501,"version":"v16.14.2"},"stack":"TypeError: logger.error is not a function\n    at /Users/lukas/Desktop/Uni/Semester5/WebEngineering2/web2_ss2022/project/endpoints/authentication/AuthenticationService.js:38:20\n    at /Users/lukas/Desktop/Uni/Semester5/WebEngineering2/web2_ss2022/project/endpoints/user/UserModel.js:27:7\n    at processImmediate (node:internal/timers:466:21)","trace":[{"column":20,"file":"/Users/lukas/Desktop/Uni/Semester5/WebEngineering2/web2_ss2022/project/endpoints/authentication/AuthenticationService.js","function":null,"line":38,"method":null,"native":false},{"column":7,"file":"/Users/lukas/Desktop/Uni/Semester5/WebEngineering2/web2_ss2022/project/endpoints/user/UserModel.js","function":null,"line":27,"method":null,"native":false},{"column":21,"file":"node:internal/timers","function":"processImmediate","line":466,"method":null,"native":false}]}
{"level":"error","message":"Authentication Service: create Token"}
{"level":"error","message":"Found user, checking password!"}
{"level":"error","message":"Authentication Service: create Token"}
{"level":"error","message":"Found user, checking password!"}
{"level":"error","message":"Authentication Service: create Token"}
{"level":"error","message":"Found user, checking password!"}
{"level":"error","message":"Authentication Service: create Token"}
{"level":"error","message":"Found user, checking password!"}
{"level":"error","message":"Authentication Service: create Token"}
{"level":"error","message":"Found user, checking password!"}
{"level":"error","message":"Authentication Service: create Token"}
{"level":"error","message":"Found user, checking password!"}
{"level":"error","message":"Authentication Service: create Token"}
{"level":"error","message":"Found user, checking password!"}
{"date":"Wed Apr 20 2022 14:47:42 GMT+0200 (Mitteleuropäische Sommerzeit)","error":{},"exception":true,"level":"error","message":"uncaughtException: comparePassword is not defined\nReferenceError: comparePassword is not defined\n    at /Users/lukas/Desktop/Uni/Semester5/WebEngineering2/web2_ss2022/project/endpoints/user/UserModel.js:27:45\n    at processImmediate (node:internal/timers:466:21)","os":{"loadavg":[2.0537109375,2.349609375,2.3701171875],"uptime":178771},"process":{"argv":["/usr/local/bin/node","/Users/lukas/Desktop/Uni/Semester5/WebEngineering2/web2_ss2022/project/httpSever.js"],"cwd":"/Users/lukas/Desktop/Uni/Semester5/WebEngineering2/web2_ss2022/project","execPath":"/usr/local/bin/node","gid":20,"memoryUsage":{"arrayBuffers":18564047,"external":23582211,"heapTotal":36417536,"heapUsed":24689072,"rss":68358144},"pid":28213,"uid":501,"version":"v16.14.2"},"stack":"ReferenceError: comparePassword is not defined\n    at /Users/lukas/Desktop/Uni/Semester5/WebEngineering2/web2_ss2022/project/endpoints/user/UserModel.js:27:45\n    at processImmediate (node:internal/timers:466:21)","trace":[{"column":45,"file":"/Users/lukas/Desktop/Uni/Semester5/WebEngineering2/web2_ss2022/project/endpoints/user/UserModel.js","function":null,"line":27,"method":null,"native":false},{"column":21,"file":"node:internal/timers","function":"processImmediate","line":466,"method":null,"native":false}]}
{"level":"error","message":"Authentication Service: create Token"}
{"level":"error","message":"Found user, checking password!"}
{"level":"error","message":"Authentication Service: create Token"}
{"level":"error","message":"Found user, checking password!"}
{"level":"error","message":"Authentication Service: create Token"}
{"level":"error","message":"Found user, checking password!"}
{"level":"error","message":"Authentication Service: Password is correct. Create Token"}
{"level":"error","message":"Authentication Service: create Token"}
{"level":"error","message":"Found user, checking password!"}
{"level":"error","message":"Authentication Service: Password is correct. Create Token"}
{"level":"error","message":"Authentication Service: create Token"}
{"level":"error","message":"Found user, checking password!"}
{"level":"error","message":"Authentication Service: Password is correct. Create Token"}
{"level":"error","message":"Authentication Service: create Token"}
{"level":"error","message":"Found user, checking password!"}
{"level":"error","message":"Authentication Service: Password is correct. Create Token"}
{"level":"error","message":"Authentication Service: create Token"}
{"level":"error","message":"Found user, checking password!"}
{"date":"Wed Apr 20 2022 14:50:26 GMT+0200 (Mitteleuropäische Sommerzeit)","error":{},"exception":true,"level":"error","message":"uncaughtException: password is not defined\nReferenceError: password is not defined\n    at model.userSchema.methods.comparePassword (/Users/lukas/Desktop/Uni/Semester5/WebEngineering2/web2_ss2022/project/endpoints/user/UserModel.js:23:39)\n    at /Users/lukas/Desktop/Uni/Semester5/WebEngineering2/web2_ss2022/project/endpoints/authentication/AuthenticationService.js:18:12\n    at /Users/lukas/Desktop/Uni/Semester5/WebEngineering2/web2_ss2022/project/endpoints/user/UserService.js:33:11\n    at /Users/lukas/Desktop/Uni/Semester5/WebEngineering2/web2_ss2022/project/node_modules/mongoose/lib/model.js:4996:18\n    at processTicksAndRejections (node:internal/process/task_queues:78:11)","os":{"loadavg":[2.14404296875,2.44580078125,2.41259765625],"uptime":178935},"process":{"argv":["/usr/local/bin/node","/Users/lukas/Desktop/Uni/Semester5/WebEngineering2/web2_ss2022/project/httpSever.js"],"cwd":"/Users/lukas/Desktop/Uni/Semester5/WebEngineering2/web2_ss2022/project","execPath":"/usr/local/bin/node","gid":20,"memoryUsage":{"arrayBuffers":18542579,"external":23582210,"heapTotal":36417536,"heapUsed":24502664,"rss":68812800},"pid":28323,"uid":501,"version":"v16.14.2"},"stack":"ReferenceError: password is not defined\n    at model.userSchema.methods.comparePassword (/Users/lukas/Desktop/Uni/Semester5/WebEngineering2/web2_ss2022/project/endpoints/user/UserModel.js:23:39)\n    at /Users/lukas/Desktop/Uni/Semester5/WebEngineering2/web2_ss2022/project/endpoints/authentication/AuthenticationService.js:18:12\n    at /Users/lukas/Desktop/Uni/Semester5/WebEngineering2/web2_ss2022/project/endpoints/user/UserService.js:33:11\n    at /Users/lukas/Desktop/Uni/Semester5/WebEngineering2/web2_ss2022/project/node_modules/mongoose/lib/model.js:4996:18\n    at processTicksAndRejections (node:internal/process/task_queues:78:11)","trace":[{"column":39,"file":"/Users/lukas/Desktop/Uni/Semester5/WebEngineering2/web2_ss2022/project/endpoints/user/UserModel.js","function":"model.userSchema.methods.comparePassword","line":23,"method":"comparePassword","native":false},{"column":12,"file":"/Users/lukas/Desktop/Uni/Semester5/WebEngineering2/web2_ss2022/project/endpoints/authentication/AuthenticationService.js","function":null,"line":18,"method":null,"native":false},{"column":11,"file":"/Users/lukas/Desktop/Uni/Semester5/WebEngineering2/web2_ss2022/project/endpoints/user/UserService.js","function":null,"line":33,"method":null,"native":false},{"column":18,"file":"/Users/lukas/Desktop/Uni/Semester5/WebEngineering2/web2_ss2022/project/node_modules/mongoose/lib/model.js","function":null,"line":4996,"method":null,"native":false},{"column":11,"file":"node:internal/process/task_queues","function":"processTicksAndRejections","line":78,"method":null,"native":false}]}
{"level":"error","message":"Authentication Service: create Token"}
{"level":"error","message":"Found user, checking password!"}
{"level":"error","message":"Authentication Service: Password is correct. Create Token"}
{"level":"error","message":"Authentication Service: create Token"}
{"level":"error","message":"Found user, checking password!"}
{"level":"error","message":"Authentication Service: create Token"}
{"level":"error","message":"Found user, checking password!"}
{"level":"error","message":"Authentication Service: create Token"}
{"level":"error","message":"Found user, checking password!"}
{"level":"error","message":"Authentication Service: create Token"}
{"level":"error","message":"Found user, checking password!"}
{"level":"error","message":"Authentication Service: create Token"}
{"level":"error","message":"Found user, checking password!"}
{"level":"error","message":"Authentication Service: create Token"}
{"level":"error","message":"Found user, checking password!"}
{"level":"error","message":"Authentication Service: create Token"}
{"level":"error","message":"Found user, checking password!"}
{"level":"error","message":"Authentication Service: create Token"}
{"level":"error","message":"Found user, checking password!"}
{"level":"error","message":"Authentication Service: create Token"}
{"level":"error","message":"Found user, checking password!"}
{"level":"error","message":"Authentication Service: create Token"}
{"level":"error","message":"Found user, checking password!"}
{"level":"error","message":"Authentication Service: create Token"}
{"level":"error","message":"Found user, checking password!"}
{"level":"error","message":"Authentication Service: create Token"}
{"level":"error","message":"Found user, checking password!"}
{"level":"error","message":"Authentication Service: create Token"}
{"level":"error","message":"Found user, checking password!"}
{"level":"error","message":"Authentication Service: create Token"}
{"level":"error","message":"Found user, checking password!"}
{"level":"error","message":"Authentication Service: create Token"}
{"level":"error","message":"Found user, checking password!"}
{"level":"error","message":"Authentication Service: create Token"}
{"level":"error","message":"Found user, checking password!"}
{"level":"error","message":"Authentication Service: create Token"}
{"level":"error","message":"Found user, checking password!"}
{"level":"error","message":"Authentication Service: create Token"}
{"level":"error","message":"Found user, checking password!"}
{"level":"error","message":"Authentication Service: create Token"}
{"level":"error","message":"Found user, checking password!"}
{"level":"error","message":"Authentication Service: create Token"}
{"level":"error","message":"Found user, checking password!"}
{"level":"error","message":"Authentication Service: create Token"}
{"level":"error","message":"Found user, checking password!"}
{"level":"error","message":"Authentication Service: create Token"}
{"level":"error","message":"Found user, checking password!"}
{"level":"error","message":"Authentication Service: create Token"}
{"level":"error","message":"Found user, checking password!"}
{"level":"error","message":"Authentication Service: create Token"}
{"level":"error","message":"Found user, checking password!"}
{"level":"error","message":"(endpoints/authentication/AuthenticationService.js:7) Authentication Service: create Token"}
{"level":"error","message":"Found user, checking password!"}
{"level":"error","message":"(endpoints/authentication/AuthenticationService.js:7) Authentication Service: create Token"}
{"level":"error","message":"Found user, checking password!"}
{"level":"error","message":"(endpoints/authentication/AuthenticationService.js:7) Authentication Service: create Token"}
{"level":"error","message":"Found user, checking password!"}
{"level":"error","message":"(endpoints/authentication/AuthenticationService.js:7) Authentication Service: create Token"}
{"level":"error","message":"Found user, checking password!"}
{"level":"error","message":"(endpoints/authentication/AuthenticationService.js:7) Authentication Service: create Token"}
{"level":"error","message":"Found user, checking password!"}
{"level":"error","message":"(endpoints/authentication/AuthenticationService.js:7) Authentication Service: create Token"}
{"level":"error","message":"Found user, checking password!"}
{"level":"error","message":"(endpoints/authentication/AuthenticationService.js:7) Authentication Service: create Token"}
{"level":"error","message":"Found user, checking password!"}
{"level":"error","message":"(endpoints/authentication/AuthenticationService.js:7) Authentication Service: create Token"}
{"level":"error","message":"Found user, checking password!"}
{"level":"error","message":"(endpoints/authentication/AuthenticationService.js:7) Authentication Service: create Token"}
{"level":"error","message":"Found user, checking password!"}
{"level":"error","message":"(endpoints/authentication/AuthenticationService.js:7) Authentication Service: create Token"}
{"level":"error","message":"Found user, checking password!"}
{"level":"error","message":"(endpoints/authentication/AuthenticationService.js:7) Authentication Service: create Token"}
{"level":"error","message":"Found user, checking password!"}
{"level":"error","message":"(endpoints/authentication/AuthenticationService.js:7) Authentication Service: create Token"}
{"level":"error","message":"Found user, checking password!"}
{"level":"error","message":"(endpoints/authentication/AuthenticationService.js:7) Authentication Service: create Token"}
{"level":"error","message":"Found user, checking password!"}
{"level":"error","message":"(endpoints/authentication/AuthenticationService.js:7) Authentication Service: create Token"}
{"level":"error","message":"Found user, checking password!"}
{"level":"error","message":"(endpoints/authentication/AuthenticationService.js:7) Authentication Service: create Token"}
{"level":"error","message":"Found user, checking password!"}
{"level":"error","message":"(endpoints/authentication/AuthenticationService.js:7) Authentication Service: create Token"}
{"level":"error","message":"Found user, checking password!"}
{"level":"error","message":"(endpoints/authentication/AuthenticationService.js:7) Authentication Service: create Token"}
{"level":"error","message":"Found user, checking password!"}
{"level":"error","message":"(endpoints/authentication/AuthenticationService.js:7) Authentication Service: create Token"}
{"level":"error","message":"Found user, checking password!"}
{"level":"error","message":"(endpoints/authentication/AuthenticationService.js:7) Authentication Service: create Token"}
{"level":"error","message":"Found user, checking password!"}
{"level":"error","message":"(endpoints/authentication/AuthenticationService.js:7) Authentication Service: create Token"}
{"level":"error","message":"Found user, checking password!"}
{"level":"error","message":"(endpoints/authentication/AuthenticationService.js:7) Authentication Service: create Token"}
{"level":"error","message":"Found user, checking password!"}
{"level":"error","message":"(endpoints/authentication/AuthenticationService.js:7) Authentication Service: create Token"}
{"level":"error","message":"Found user, checking password!"}
{"level":"error","message":"(endpoints/authentication/AuthenticationService.js:7) Authentication Service: create Token"}
{"level":"error","message":"Found user, checking password!"}
{"level":"error","message":"(endpoints/authentication/AuthenticationService.js:7) Authentication Service: create Token"}
{"level":"error","message":"Found user, checking password!"}
{"level":"error","message":"(endpoints/authentication/AuthenticationService.js:7) Authentication Service: create Token"}
{"level":"error","message":"Found user, checking password!"}
{"level":"error","message":"(endpoints/authentication/AuthenticationService.js:7) Authentication Service: create Token"}
{"level":"error","message":"Found user, checking password!"}
